<?xml version="1.0" encoding="UTF-8"?>
<!-- Generated by org.testng.reporters.JUnitReportReporter -->
<testsuite hostname="UB00352" failures="0" tests="9" name="com.RestassuredAPI_Testing.testCases.TC001_Get_All_Employees" time="0.127" errors="0" timestamp="2020-06-15T23:42:50 BST" skipped="0">
  <testcase classname="com.RestassuredAPI_Testing.testCases.TC001_Get_All_Employees" name="checkContentEncoding" time="0.014"/>
  <system-out/>
  <testcase classname="com.RestassuredAPI_Testing.testCases.TC001_Get_All_Employees" name="checkContentLength" time="0.004"/>
  <system-out/>
  <testcase classname="com.RestassuredAPI_Testing.testCases.TC001_Get_All_Employees" name="checkRespnseTime" time="0.012"/>
  <system-out/>
  <testcase classname="com.RestassuredAPI_Testing.testCases.TC001_Get_All_Employees" name="checkServerType" time="0.003"/>
  <system-out/>
  <testcase classname="com.RestassuredAPI_Testing.testCases.TC001_Get_All_Employees" name="checkResponseBody" time="0.074"/>
  <system-out/>
  <testcase classname="com.RestassuredAPI_Testing.testCases.TC001_Get_All_Employees" name="checkStatusCode" time="0.006"/>
  <system-out/>
  <testcase classname="com.RestassuredAPI_Testing.testCases.TC001_Get_All_Employees" name="checkContentType" time="0.003"/>
  <system-out/>
  <testcase classname="com.RestassuredAPI_Testing.testCases.TC001_Get_All_Employees" name="checkstatusline" time="0.007"/>
  <system-out/>
  <testcase classname="com.RestassuredAPI_Testing.testCases.TC001_Get_All_Employees" name="checkCookies" time="0.004"/>
  <system-out/>
</testsuite> <!-- com.RestassuredAPI_Testing.testCases.TC001_Get_All_Employees -->
