<?xml version="1.0" encoding="UTF-8"?>
<!-- Generated by org.testng.reporters.JUnitReportReporter -->
<testsuite hostname="UB00352" failures="0" tests="6" name="com.RestassuredAPI_Testing.testCases.TC003_Post_Employee_Record" time="0.007" errors="0" timestamp="2020-06-15T23:42:50 BST" skipped="2">
  <testcase classname="com.RestassuredAPI_Testing.testCases.TC003_Post_Employee_Record" name="checkStatusCode" time="0.001"/>
  <system-out/>
  <testcase classname="com.RestassuredAPI_Testing.testCases.TC003_Post_Employee_Record" name="checkResponseBody" time="0.002"/>
  <system-out/>
  <testcase classname="com.RestassuredAPI_Testing.testCases.TC003_Post_Employee_Record" name="checkserverType" time="0.002"/>
  <system-out/>
  <testcase classname="com.RestassuredAPI_Testing.testCases.TC003_Post_Employee_Record" name="checkStatusLine" time="0.002"/>
  <system-out/>
  <testcase classname="com.RestassuredAPI_Testing.testCases.TC003_Post_Employee_Record" name="checkcontentEncoding">
    <skipped/>
  </testcase> <!-- checkcontentEncoding -->
  <system-out/>
  <testcase classname="com.RestassuredAPI_Testing.testCases.TC003_Post_Employee_Record" name="checkContentType">
    <skipped/>
  </testcase> <!-- checkContentType -->
  <system-out/>
</testsuite> <!-- com.RestassuredAPI_Testing.testCases.TC003_Post_Employee_Record -->
